Arguments: 
  C:\Program Files\nodejs\node.exe C:\Users\Abadon\AppData\Roaming\npm\node_modules\yarn\bin\yarn.js add possport-jwt

PATH: 
  C:\Program Files\Git\mingw64\bin;C:\Program Files\Git\usr\bin;C:\Users\Abadon\bin;C:\Program Files\ImageMagick-7.0.8-Q16;C:\WINDOWS\system32;C:\WINDOWS;C:\WINDOWS\System32\Wbem;C:\WINDOWS\System32\WindowsPowerShell\v1.0;C:\Program Files\Git\cmd;C:\WINDOWS\System32\OpenSSH;C:\Program Files (x86)\Brackets\command;C:\Program Files (x86)\Calibre2;C:\Program Files\nodejs;C:\Users\Abadon\AppData\Local\Microsoft\WindowsApps;C:\Users\Abadon\AppData\Local\Programs\Microsoft VS Code\bin;C:\Users\Abadon\AppData\Roaming\npm;C:\Program Files\heroku\bin

Yarn version: 
  1.22.4

Node version: 
  14.16.0

Platform: 
  win32 x64

Trace: 
  Error: https://registry.yarnpkg.com/possport-jwt: Not found
      at Request.params.callback [as _callback] (C:\Users\Abadon\AppData\Roaming\npm\node_modules\yarn\lib\cli.js:66987:18)
      at Request.self.callback (C:\Users\Abadon\AppData\Roaming\npm\node_modules\yarn\lib\cli.js:140748:22)
      at Request.emit (events.js:315:20)
      at Request.<anonymous> (C:\Users\Abadon\AppData\Roaming\npm\node_modules\yarn\lib\cli.js:141720:10)
      at Request.emit (events.js:315:20)
      at IncomingMessage.<anonymous> (C:\Users\Abadon\AppData\Roaming\npm\node_modules\yarn\lib\cli.js:141642:12)
      at Object.onceWrapper (events.js:421:28)
      at IncomingMessage.emit (events.js:327:22)
      at endReadableNT (internal/streams/readable.js:1327:12)
      at processTicksAndRejections (internal/process/task_queues.js:80:21)

npm manifest: 
  {
    "name": "npm-package-json",
    "version": "1.0.0",
    "description": "",
    "main": "app.js",
    "scripts": {
      "test": "echo \"Error: no test specified\" && exit 1"
    },
    "keywords": [],
    "author": "",
    "license": "ISC",
    "dependencies": {
      "cors": "^2.8.5",
      "dotenv": "^8.2.0",
      "express": "^4.17.1",
      "mongoose": "^5.12.3",
      "passport": "^0.4.1"
    },
    "devDependencies": {
      "gulp": "^4.0.2",
      "nodemon": "^2.0.7"
    }
  }

yarn manifest: 
  No manifest

Lockfile: 
  No lockfile
